0 info it worked if it ends with ok
1 verbose cli [ '/usr/bin/nodejs', '/usr/bin/npm', 'run', 'dev:client' ]
2 info using npm@3.5.2
3 info using node@v4.7.2
4 verbose run-script [ 'predev:client', 'dev:client', 'postdev:client' ]
5 info lifecycle mysite@1.0.0~predev:client: mysite@1.0.0
6 silly lifecycle mysite@1.0.0~predev:client: no script for predev:client, continuing
7 info lifecycle mysite@1.0.0~dev:client: mysite@1.0.0
8 verbose lifecycle mysite@1.0.0~dev:client: unsafe-perm in lifecycle true
9 verbose lifecycle mysite@1.0.0~dev:client: PATH: /usr/share/npm/bin/node-gyp-bin:/home/osboxes/code/Simple-HTML-Site/node_modules/.bin:/home/osboxes/bin:/home/osboxes/.local/bin:/usr/local/sbin:/usr/local/bin:/usr/sbin:/usr/bin:/sbin:/bin:/usr/games:/usr/local/games:/snap/bin
10 verbose lifecycle mysite@1.0.0~dev:client: CWD: /home/osboxes/code/Simple-HTML-Site
11 silly lifecycle mysite@1.0.0~dev:client: Args: [ '-c', 'webpack--config.webpack.config.client.js--watch' ]
12 info lifecycle mysite@1.0.0~dev:client: Failed to exec dev:client script
13 verbose stack Error: mysite@1.0.0 dev:client: `webpack--config.webpack.config.client.js--watch`
13 verbose stack spawn ENOENT
13 verbose stack     at ChildProcess.<anonymous> (/usr/share/npm/lib/utils/spawn.js:17:16)
13 verbose stack     at emitTwo (events.js:87:13)
13 verbose stack     at ChildProcess.emit (events.js:172:7)
13 verbose stack     at maybeClose (internal/child_process.js:854:16)
13 verbose stack     at Process.ChildProcess._handle.onexit (internal/child_process.js:222:5)
14 verbose pkgid mysite@1.0.0
15 verbose cwd /home/osboxes/code/Simple-HTML-Site
16 error Linux 4.10.0-28-generic
17 error argv "/usr/bin/nodejs" "/usr/bin/npm" "run" "dev:client"
18 error node v4.7.2
19 error npm  v3.5.2
20 error file sh
21 error code ELIFECYCLE
22 error errno ENOENT
23 error syscall spawn
24 error mysite@1.0.0 dev:client: `webpack--config.webpack.config.client.js--watch`
24 error spawn ENOENT
25 error Failed at the mysite@1.0.0 dev:client script 'webpack--config.webpack.config.client.js--watch'.
25 error Make sure you have the latest version of node.js and npm installed.
25 error If you do, this is most likely a problem with the mysite package,
25 error not with npm itself.
25 error Tell the author that this fails on your system:
25 error     webpack--config.webpack.config.client.js--watch
25 error You can get information on how to open an issue for this project with:
25 error     npm bugs mysite
25 error Or if that isn't available, you can get their info via:
25 error     npm owner ls mysite
25 error There is likely additional logging output above.
26 verbose exit [ 1, true ]
